<?xml version="1.0" encoding="UTF-8"?>
<!-- Generated by org.testng.reporters.JUnitXMLReporter -->
<testsuite ignored="0" hostname="Vighnesh" failures="0" tests="14" name="TutorialsNinja Tests" time="97.886" errors="0" timestamp="2024-03-06T20:47:42 IST">
  <testcase classname="com.tutorialsninja.qa.testcases.RegisterTest" name="verifyRegisteringAnaccountWithMandatoryFields" time="1.935"/>
  <testcase classname="com.tutorialsninja.qa.testcases.RegisterTest" name="verifyRegisteringAcountByProvidingAllFields" time="2.536"/>
  <testcase classname="com.tutorialsninja.qa.testcases.RegisterTest" name="verifyRegisteringAccountWithExitingEmailAddress" time="1.811"/>
  <testcase classname="com.tutorialsninja.qa.testcases.RegisterTest" name="verifyRegisteringAccountWithoutFillingAnyDetails" time="0.721"/>
  <testcase classname="com.tutorialsninja.qa.testcases.LoginTest" name="verifyLoginWithValidCredentials" time="1.25"/>
  <testcase classname="com.tutorialsninja.qa.testcases.LoginTest" name="verifyLoginWithValidCredentials" time="1.886"/>
  <testcase classname="com.tutorialsninja.qa.testcases.LoginTest" name="verifyLoginWithValidCredentials" time="1.169"/>
  <testcase classname="com.tutorialsninja.qa.testcases.LoginTest" name="verifyLoginWithInvalidCrendentials" time="1.015"/>
  <testcase classname="com.tutorialsninja.qa.testcases.LoginTest" name="verifyLoginWithInvalidEmailAndValidPassword" time="0.893"/>
  <testcase classname="com.tutorialsninja.qa.testcases.LoginTest" name="verifyLoginWithValidEmailAndInvalidPassword" time="0.745"/>
  <testcase classname="com.tutorialsninja.qa.testcases.LoginTest" name="verifyLoginWithoutProvideCredentials" time="1.214"/>
  <testcase classname="com.tutorialsninja.qa.testcases.SearchTest" name="verifySearchWithValidProduct" time="0.936"/>
  <testcase classname="com.tutorialsninja.qa.testcases.SearchTest" name="verifySearchWithInValidProduct" time="2.917"/>
  <testcase classname="com.tutorialsninja.qa.testcases.SearchTest" name="verifysearchWithoutAnyProduct" time="0.502"/>
</testsuite> <!-- TutorialsNinja Tests -->
