<?xml version="1.0" encoding="UTF-8"?>
<testng-results ignored="0" total="14" passed="14" failed="0" skipped="0">
  <reporter-output>
  </reporter-output>
  <suite started-at="2024-03-07T13:44:03 IST" name="TutorialsNinja Automation Suite" finished-at="2024-03-07T13:45:07 IST" duration-ms="64209">
    <groups>
    </groups>
    <test started-at="2024-03-07T13:44:03 IST" name="TutorialsNinja Tests" finished-at="2024-03-07T13:45:07 IST" duration-ms="64209">
      <class name="com.tutorialsninja.qa.testcases.RegisterTest">
        <test-method is-config="true" signature="setup()[pri:0, instance:com.tutorialsninja.qa.testcases.RegisterTest@5e0826e7]" started-at="2024-03-07T13:44:03 IST" name="setup" finished-at="2024-03-07T13:44:08 IST" duration-ms="4721" status="PASS">
          <reporter-output>
          </reporter-output>
        </test-method> <!-- setup -->
        <test-method signature="verifyRegisteringAnaccountWithMandatoryFields()[pri:1, instance:com.tutorialsninja.qa.testcases.RegisterTest@5e0826e7]" started-at="2024-03-07T13:44:08 IST" name="verifyRegisteringAnaccountWithMandatoryFields" finished-at="2024-03-07T13:44:09 IST" duration-ms="1348" status="PASS">
          <reporter-output>
          </reporter-output>
        </test-method> <!-- verifyRegisteringAnaccountWithMandatoryFields -->
        <test-method is-config="true" signature="tearDown()[pri:0, instance:com.tutorialsninja.qa.testcases.RegisterTest@5e0826e7]" started-at="2024-03-07T13:44:09 IST" name="tearDown" finished-at="2024-03-07T13:44:09 IST" duration-ms="122" status="PASS">
          <reporter-output>
          </reporter-output>
        </test-method> <!-- tearDown -->
        <test-method is-config="true" signature="setup()[pri:0, instance:com.tutorialsninja.qa.testcases.RegisterTest@5e0826e7]" started-at="2024-03-07T13:44:09 IST" name="setup" finished-at="2024-03-07T13:44:13 IST" duration-ms="3942" status="PASS">
          <reporter-output>
          </reporter-output>
        </test-method> <!-- setup -->
        <test-method signature="verifyRegisteringAcountByProvidingAllFields()[pri:2, instance:com.tutorialsninja.qa.testcases.RegisterTest@5e0826e7]" started-at="2024-03-07T13:44:13 IST" name="verifyRegisteringAcountByProvidingAllFields" finished-at="2024-03-07T13:44:14 IST" duration-ms="1314" status="PASS">
          <reporter-output>
          </reporter-output>
        </test-method> <!-- verifyRegisteringAcountByProvidingAllFields -->
        <test-method is-config="true" signature="tearDown()[pri:0, instance:com.tutorialsninja.qa.testcases.RegisterTest@5e0826e7]" started-at="2024-03-07T13:44:14 IST" name="tearDown" finished-at="2024-03-07T13:44:15 IST" duration-ms="120" status="PASS">
          <reporter-output>
          </reporter-output>
        </test-method> <!-- tearDown -->
        <test-method is-config="true" signature="setup()[pri:0, instance:com.tutorialsninja.qa.testcases.RegisterTest@5e0826e7]" started-at="2024-03-07T13:44:15 IST" name="setup" finished-at="2024-03-07T13:44:18 IST" duration-ms="3814" status="PASS">
          <reporter-output>
          </reporter-output>
        </test-method> <!-- setup -->
        <test-method signature="verifyRegisteringAccountWithExitingEmailAddress()[pri:3, instance:com.tutorialsninja.qa.testcases.RegisterTest@5e0826e7]" started-at="2024-03-07T13:44:18 IST" name="verifyRegisteringAccountWithExitingEmailAddress" finished-at="2024-03-07T13:44:19 IST" duration-ms="972" status="PASS">
          <reporter-output>
          </reporter-output>
        </test-method> <!-- verifyRegisteringAccountWithExitingEmailAddress -->
        <test-method is-config="true" signature="tearDown()[pri:0, instance:com.tutorialsninja.qa.testcases.RegisterTest@5e0826e7]" started-at="2024-03-07T13:44:19 IST" name="tearDown" finished-at="2024-03-07T13:44:19 IST" duration-ms="119" status="PASS">
          <reporter-output>
          </reporter-output>
        </test-method> <!-- tearDown -->
        <test-method is-config="true" signature="setup()[pri:0, instance:com.tutorialsninja.qa.testcases.RegisterTest@5e0826e7]" started-at="2024-03-07T13:44:19 IST" name="setup" finished-at="2024-03-07T13:44:23 IST" duration-ms="3694" status="PASS">
          <reporter-output>
          </reporter-output>
        </test-method> <!-- setup -->
        <test-method signature="verifyRegisteringAccountWithoutFillingAnyDetails()[pri:4, instance:com.tutorialsninja.qa.testcases.RegisterTest@5e0826e7]" started-at="2024-03-07T13:44:23 IST" name="verifyRegisteringAccountWithoutFillingAnyDetails" finished-at="2024-03-07T13:44:24 IST" duration-ms="518" status="PASS">
          <reporter-output>
          </reporter-output>
        </test-method> <!-- verifyRegisteringAccountWithoutFillingAnyDetails -->
        <test-method is-config="true" signature="tearDown()[pri:0, instance:com.tutorialsninja.qa.testcases.RegisterTest@5e0826e7]" started-at="2024-03-07T13:44:24 IST" name="tearDown" finished-at="2024-03-07T13:44:24 IST" duration-ms="114" status="PASS">
          <reporter-output>
          </reporter-output>
        </test-method> <!-- tearDown -->
      </class> <!-- com.tutorialsninja.qa.testcases.RegisterTest -->
      <class name="com.tutorialsninja.qa.testcases.SearchTest">
        <test-method is-config="true" signature="setUp()[pri:0, instance:com.tutorialsninja.qa.testcases.SearchTest@478190fc]" started-at="2024-03-07T13:44:56 IST" name="setUp" finished-at="2024-03-07T13:44:59 IST" duration-ms="3255" status="PASS">
          <reporter-output>
          </reporter-output>
        </test-method> <!-- setUp -->
        <test-method signature="verifySearchWithValidProduct()[pri:1, instance:com.tutorialsninja.qa.testcases.SearchTest@478190fc]" started-at="2024-03-07T13:44:59 IST" name="verifySearchWithValidProduct" finished-at="2024-03-07T13:45:00 IST" duration-ms="651" status="PASS">
          <reporter-output>
          </reporter-output>
        </test-method> <!-- verifySearchWithValidProduct -->
        <test-method is-config="true" signature="tearDown()[pri:0, instance:com.tutorialsninja.qa.testcases.SearchTest@478190fc]" started-at="2024-03-07T13:45:00 IST" name="tearDown" finished-at="2024-03-07T13:45:00 IST" duration-ms="129" status="PASS">
          <reporter-output>
          </reporter-output>
        </test-method> <!-- tearDown -->
        <test-method is-config="true" signature="setUp()[pri:0, instance:com.tutorialsninja.qa.testcases.SearchTest@478190fc]" started-at="2024-03-07T13:45:00 IST" name="setUp" finished-at="2024-03-07T13:45:03 IST" duration-ms="3099" status="PASS">
          <reporter-output>
          </reporter-output>
        </test-method> <!-- setUp -->
        <test-method signature="verifySearchWithInValidProduct()[pri:2, instance:com.tutorialsninja.qa.testcases.SearchTest@478190fc]" started-at="2024-03-07T13:45:03 IST" name="verifySearchWithInValidProduct" finished-at="2024-03-07T13:45:03 IST" duration-ms="427" status="PASS">
          <reporter-output>
          </reporter-output>
        </test-method> <!-- verifySearchWithInValidProduct -->
        <test-method is-config="true" signature="tearDown()[pri:0, instance:com.tutorialsninja.qa.testcases.SearchTest@478190fc]" started-at="2024-03-07T13:45:03 IST" name="tearDown" finished-at="2024-03-07T13:45:03 IST" duration-ms="124" status="PASS">
          <reporter-output>
          </reporter-output>
        </test-method> <!-- tearDown -->
        <test-method is-config="true" signature="setUp()[pri:0, instance:com.tutorialsninja.qa.testcases.SearchTest@478190fc]" started-at="2024-03-07T13:45:03 IST" name="setUp" finished-at="2024-03-07T13:45:07 IST" duration-ms="3078" status="PASS">
          <reporter-output>
          </reporter-output>
        </test-method> <!-- setUp -->
        <test-method signature="verifysearchWithoutAnyProduct()[pri:3, instance:com.tutorialsninja.qa.testcases.SearchTest@478190fc]" started-at="2024-03-07T13:45:07 IST" name="verifysearchWithoutAnyProduct" finished-at="2024-03-07T13:45:07 IST" duration-ms="355" status="PASS">
          <reporter-output>
          </reporter-output>
        </test-method> <!-- verifysearchWithoutAnyProduct -->
        <test-method is-config="true" signature="tearDown()[pri:0, instance:com.tutorialsninja.qa.testcases.SearchTest@478190fc]" started-at="2024-03-07T13:45:07 IST" name="tearDown" finished-at="2024-03-07T13:45:07 IST" duration-ms="118" status="PASS">
          <reporter-output>
          </reporter-output>
        </test-method> <!-- tearDown -->
      </class> <!-- com.tutorialsninja.qa.testcases.SearchTest -->
      <class name="com.tutorialsninja.qa.testcases.LoginTest">
        <test-method is-config="true" signature="setup()[pri:0, instance:com.tutorialsninja.qa.testcases.LoginTest@38c6f217]" started-at="2024-03-07T13:44:24 IST" name="setup" finished-at="2024-03-07T13:44:28 IST" duration-ms="3951" status="PASS">
          <reporter-output>
          </reporter-output>
        </test-method> <!-- setup -->
        <test-method signature="verifyLoginWithValidCredentials(java.lang.String,java.lang.String)[pri:1, instance:com.tutorialsninja.qa.testcases.LoginTest@38c6f217]" started-at="2024-03-07T13:44:28 IST" name="verifyLoginWithValidCredentials" data-provider="validCredentialsSupplier" finished-at="2024-03-07T13:44:29 IST" duration-ms="931" status="PASS">
          <params>
            <param index="0">
              <value>
                <![CDATA[vighnesh123@gmail.com]]>
              </value>
            </param>
            <param index="1">
              <value>
                <![CDATA[viggu@21]]>
              </value>
            </param>
          </params>
          <reporter-output>
          </reporter-output>
        </test-method> <!-- verifyLoginWithValidCredentials -->
        <test-method is-config="true" signature="teardown()[pri:0, instance:com.tutorialsninja.qa.testcases.LoginTest@38c6f217]" started-at="2024-03-07T13:44:29 IST" name="teardown" finished-at="2024-03-07T13:44:29 IST" duration-ms="128" status="PASS">
          <reporter-output>
          </reporter-output>
        </test-method> <!-- teardown -->
        <test-method is-config="true" signature="setup()[pri:0, instance:com.tutorialsninja.qa.testcases.LoginTest@38c6f217]" started-at="2024-03-07T13:44:29 IST" name="setup" finished-at="2024-03-07T13:44:33 IST" duration-ms="3737" status="PASS">
          <reporter-output>
          </reporter-output>
        </test-method> <!-- setup -->
        <test-method signature="verifyLoginWithValidCredentials(java.lang.String,java.lang.String)[pri:1, instance:com.tutorialsninja.qa.testcases.LoginTest@38c6f217]" started-at="2024-03-07T13:44:33 IST" name="verifyLoginWithValidCredentials" data-provider="validCredentialsSupplier" finished-at="2024-03-07T13:44:34 IST" duration-ms="884" status="PASS">
          <params>
            <param index="0">
              <value>
                <![CDATA[nayakvighnesh16@gmail.com]]>
              </value>
            </param>
            <param index="1">
              <value>
                <![CDATA[987654321]]>
              </value>
            </param>
          </params>
          <reporter-output>
          </reporter-output>
        </test-method> <!-- verifyLoginWithValidCredentials -->
        <test-method is-config="true" signature="teardown()[pri:0, instance:com.tutorialsninja.qa.testcases.LoginTest@38c6f217]" started-at="2024-03-07T13:44:34 IST" name="teardown" finished-at="2024-03-07T13:44:34 IST" duration-ms="121" status="PASS">
          <reporter-output>
          </reporter-output>
        </test-method> <!-- teardown -->
        <test-method is-config="true" signature="setup()[pri:0, instance:com.tutorialsninja.qa.testcases.LoginTest@38c6f217]" started-at="2024-03-07T13:44:34 IST" name="setup" finished-at="2024-03-07T13:44:37 IST" duration-ms="3500" status="PASS">
          <reporter-output>
          </reporter-output>
        </test-method> <!-- setup -->
        <test-method signature="verifyLoginWithValidCredentials(java.lang.String,java.lang.String)[pri:1, instance:com.tutorialsninja.qa.testcases.LoginTest@38c6f217]" started-at="2024-03-07T13:44:37 IST" name="verifyLoginWithValidCredentials" data-provider="validCredentialsSupplier" finished-at="2024-03-07T13:44:38 IST" duration-ms="834" status="PASS">
          <params>
            <param index="0">
              <value>
                <![CDATA[nayak16@gmail.com]]>
              </value>
            </param>
            <param index="1">
              <value>
                <![CDATA[1234567890]]>
              </value>
            </param>
          </params>
          <reporter-output>
          </reporter-output>
        </test-method> <!-- verifyLoginWithValidCredentials -->
        <test-method is-config="true" signature="teardown()[pri:0, instance:com.tutorialsninja.qa.testcases.LoginTest@38c6f217]" started-at="2024-03-07T13:44:38 IST" name="teardown" finished-at="2024-03-07T13:44:38 IST" duration-ms="119" status="PASS">
          <reporter-output>
          </reporter-output>
        </test-method> <!-- teardown -->
        <test-method is-config="true" signature="setup()[pri:0, instance:com.tutorialsninja.qa.testcases.LoginTest@38c6f217]" started-at="2024-03-07T13:44:38 IST" name="setup" finished-at="2024-03-07T13:44:42 IST" duration-ms="3612" status="PASS">
          <reporter-output>
          </reporter-output>
        </test-method> <!-- setup -->
        <test-method signature="verifyLoginWithInvalidCrendentials()[pri:2, instance:com.tutorialsninja.qa.testcases.LoginTest@38c6f217]" started-at="2024-03-07T13:44:42 IST" name="verifyLoginWithInvalidCrendentials" finished-at="2024-03-07T13:44:43 IST" duration-ms="668" status="PASS">
          <reporter-output>
          </reporter-output>
        </test-method> <!-- verifyLoginWithInvalidCrendentials -->
        <test-method is-config="true" signature="teardown()[pri:0, instance:com.tutorialsninja.qa.testcases.LoginTest@38c6f217]" started-at="2024-03-07T13:44:43 IST" name="teardown" finished-at="2024-03-07T13:44:43 IST" duration-ms="126" status="PASS">
          <reporter-output>
          </reporter-output>
        </test-method> <!-- teardown -->
        <test-method is-config="true" signature="setup()[pri:0, instance:com.tutorialsninja.qa.testcases.LoginTest@38c6f217]" started-at="2024-03-07T13:44:43 IST" name="setup" finished-at="2024-03-07T13:44:46 IST" duration-ms="3657" status="PASS">
          <reporter-output>
          </reporter-output>
        </test-method> <!-- setup -->
        <test-method signature="verifyLoginWithInvalidEmailAndValidPassword()[pri:3, instance:com.tutorialsninja.qa.testcases.LoginTest@38c6f217]" started-at="2024-03-07T13:44:46 IST" name="verifyLoginWithInvalidEmailAndValidPassword" finished-at="2024-03-07T13:44:47 IST" duration-ms="672" status="PASS">
          <reporter-output>
          </reporter-output>
        </test-method> <!-- verifyLoginWithInvalidEmailAndValidPassword -->
        <test-method is-config="true" signature="teardown()[pri:0, instance:com.tutorialsninja.qa.testcases.LoginTest@38c6f217]" started-at="2024-03-07T13:44:47 IST" name="teardown" finished-at="2024-03-07T13:44:47 IST" duration-ms="112" status="PASS">
          <reporter-output>
          </reporter-output>
        </test-method> <!-- teardown -->
        <test-method is-config="true" signature="setup()[pri:0, instance:com.tutorialsninja.qa.testcases.LoginTest@38c6f217]" started-at="2024-03-07T13:44:47 IST" name="setup" finished-at="2024-03-07T13:44:51 IST" duration-ms="3644" status="PASS">
          <reporter-output>
          </reporter-output>
        </test-method> <!-- setup -->
        <test-method signature="verifyLoginWithValidEmailAndInvalidPassword()[pri:4, instance:com.tutorialsninja.qa.testcases.LoginTest@38c6f217]" started-at="2024-03-07T13:44:51 IST" name="verifyLoginWithValidEmailAndInvalidPassword" finished-at="2024-03-07T13:44:52 IST" duration-ms="659" status="PASS">
          <reporter-output>
          </reporter-output>
        </test-method> <!-- verifyLoginWithValidEmailAndInvalidPassword -->
        <test-method is-config="true" signature="teardown()[pri:0, instance:com.tutorialsninja.qa.testcases.LoginTest@38c6f217]" started-at="2024-03-07T13:44:52 IST" name="teardown" finished-at="2024-03-07T13:44:52 IST" duration-ms="120" status="PASS">
          <reporter-output>
          </reporter-output>
        </test-method> <!-- teardown -->
        <test-method is-config="true" signature="setup()[pri:0, instance:com.tutorialsninja.qa.testcases.LoginTest@38c6f217]" started-at="2024-03-07T13:44:52 IST" name="setup" finished-at="2024-03-07T13:44:55 IST" duration-ms="3462" status="PASS">
          <reporter-output>
          </reporter-output>
        </test-method> <!-- setup -->
        <test-method signature="verifyLoginWithoutProvideCredentials()[pri:5, instance:com.tutorialsninja.qa.testcases.LoginTest@38c6f217]" started-at="2024-03-07T13:44:55 IST" name="verifyLoginWithoutProvideCredentials" finished-at="2024-03-07T13:44:56 IST" duration-ms="476" status="PASS">
          <reporter-output>
          </reporter-output>
        </test-method> <!-- verifyLoginWithoutProvideCredentials -->
        <test-method is-config="true" signature="teardown()[pri:0, instance:com.tutorialsninja.qa.testcases.LoginTest@38c6f217]" started-at="2024-03-07T13:44:56 IST" name="teardown" finished-at="2024-03-07T13:44:56 IST" duration-ms="119" status="PASS">
          <reporter-output>
          </reporter-output>
        </test-method> <!-- teardown -->
      </class> <!-- com.tutorialsninja.qa.testcases.LoginTest -->
    </test> <!-- TutorialsNinja Tests -->
  </suite> <!-- TutorialsNinja Automation Suite -->
</testng-results>
