<?xml version="1.0" encoding="UTF-8"?>
<testsuite xmlns:xsi="http://www.w3.org/2001/XMLSchema-instance" xsi:noNamespaceSchemaLocation="https://maven.apache.org/surefire/maven-surefire-plugin/xsd/surefire-test-report-3.0.xsd" version="3.0" name="TestSuite" time="65.331" tests="14" errors="0" skipped="0" failures="0">
  <properties>
[...]
</properties>
  <testcase name="verifyRegisteringAnaccountWithMandatoryFields" classname="com.tutorialsninja.qa.testcases.RegisterTest" time="1.348">
    <system-err><![CDATA[SLF4J: Failed to load class "org.slf4j.impl.StaticLoggerBinder".
SLF4J: Defaulting to no-operation (NOP) logger implementation
SLF4J: See http://www.slf4j.org/codes.html#StaticLoggerBinder for further details.
]]></system-err>
  </testcase>
  <testcase name="verifyRegisteringAcountByProvidingAllFields" classname="com.tutorialsninja.qa.testcases.RegisterTest" time="1.314"/>
  <testcase name="verifyRegisteringAccountWithExitingEmailAddress" classname="com.tutorialsninja.qa.testcases.RegisterTest" time="0.973"/>
  <testcase name="verifyRegisteringAccountWithoutFillingAnyDetails" classname="com.tutorialsninja.qa.testcases.RegisterTest" time="0.518"/>
  <testcase name="verifyLoginWithValidCredentials[vighnesh123@gmail.com, viggu@21](1)" classname="com.tutorialsninja.qa.testcases.LoginTest" time="0.931"/>
  <testcase name="verifyLoginWithValidCredentials[nayakvighnesh16@gmail.com, 987654321](2)" classname="com.tutorialsninja.qa.testcases.LoginTest" time="0.883"/>
  <testcase name="verifyLoginWithValidCredentials[nayak16@gmail.com, 1234567890](3)" classname="com.tutorialsninja.qa.testcases.LoginTest" time="0.834"/>
  <testcase name="verifyLoginWithInvalidCrendentials" classname="com.tutorialsninja.qa.testcases.LoginTest" time="0.668"/>
  <testcase name="verifyLoginWithInvalidEmailAndValidPassword" classname="com.tutorialsninja.qa.testcases.LoginTest" time="0.672"/>
  <testcase name="verifyLoginWithValidEmailAndInvalidPassword" classname="com.tutorialsninja.qa.testcases.LoginTest" time="0.659"/>
  <testcase name="verifyLoginWithoutProvideCredentials" classname="com.tutorialsninja.qa.testcases.LoginTest" time="0.477"/>
  <testcase name="verifySearchWithValidProduct" classname="com.tutorialsninja.qa.testcases.SearchTest" time="0.651"/>
  <testcase name="verifySearchWithInValidProduct" classname="com.tutorialsninja.qa.testcases.SearchTest" time="0.428"/>
  <testcase name="verifysearchWithoutAnyProduct" classname="com.tutorialsninja.qa.testcases.SearchTest" time="0.355"/>
</testsuite>